<?xml version='1.0'?>
<ns2:test-suite xmlns:ns2='urn:model.allure.qatools.yandex.ru' start='1721627256142' stop='1721627268952'>
    <name>Suite1 - Validation of Landing Page Features and Content (English)</name>
    <title>Suite1 - Validation of Landing Page Features and Content (English)</title>
    <test-cases>
        <test-case start='1721627256273' status='broken' stop='1721627258066'>
            <name>ENG_LAND_TC_1 Validate that the landing page appears on launching the URL - (P1)</name>
            <title>ENG_LAND_TC_1 Validate that the landing page appears on launching the URL - (P1)</title>
            <labels>
                <label name='language' value='javascript'/>
                <label name='framework' value='wdio'/>
                <label name='thread' value='0-0'/>
            </labels>
            <parameters>
                <parameter kind='argument' name='browser' value='chrome-126.0.6478.182'/>
            </parameters>
            <steps>
                <step start='1721627256274' status='passed' stop='1721627257937'>
                    <name>"before each" hook for Suite1 - Validation of Landing Page Features and Content (English)</name>
                    <title>"before each" hook for Suite1 - Validation of Landing Page Features and Content (English)</title>
                    <attachments/>
                    <steps/>
                </step>
                <step start='1721627258066' status='passed' stop='1721627258066'>
                    <name>"after each" hook for Suite1 - Validation of Landing Page Features and Content (English)</name>
                    <title>"after each" hook for Suite1 - Validation of Landing Page Features and Content (English)</title>
                    <attachments/>
                    <steps/>
                </step>
            </steps>
            <attachments/>
            <failure>
                <message>hideSelectors is not defined</message>
                <stack-trace>ReferenceError: hideSelectors is not defined
                    at Object.generateScreenshotsAndLogs (D:\EngageRelease\qa-dls-engage-v2-release\engageAutomation\core\runner\/visualTest.js:77:52)
                    at Context.&lt;anonymous> (D:\EngageRelease\qa-dls-engage-v2-release\engageAutomation\test\tempRunner\/landingTest.js:146:50)</stack-trace>
            </failure>
        </test-case>
        <test-case start='1721627258067' status='broken' stop='1721627260909'>
            <name>ENG_LAND_TC_5 Validate the content of the landing page (in English) - (P2)</name>
            <title>ENG_LAND_TC_5 Validate the content of the landing page (in English) - (P2)</title>
            <labels>
                <label name='language' value='javascript'/>
                <label name='framework' value='wdio'/>
                <label name='thread' value='0-0'/>
            </labels>
            <parameters>
                <parameter kind='argument' name='browser' value='chrome-126.0.6478.182'/>
            </parameters>
            <steps>
                <step start='1721627258067' status='passed' stop='1721627259742'>
                    <name>"before each" hook for Suite1 - Validation of Landing Page Features and Content (English)</name>
                    <title>"before each" hook for Suite1 - Validation of Landing Page Features and Content (English)</title>
                    <attachments>
                        <attachment title='Screenshot' source='fa0ce1d8-62b8-45ec-a02d-9c56a9e4c956-attachment.png' type='image/png' size='523039'/>
                    </attachments>
                    <steps/>
                </step>
                <step start='1721627260910' status='passed' stop='1721627260910'>
                    <name>"after each" hook for Suite1 - Validation of Landing Page Features and Content (English)</name>
                    <title>"after each" hook for Suite1 - Validation of Landing Page Features and Content (English)</title>
                    <attachments/>
                    <steps/>
                </step>
            </steps>
            <attachments/>
            <failure>
                <message>hideSelectors is not defined</message>
                <stack-trace>ReferenceError: hideSelectors is not defined
                    at Object.generateScreenshotsAndLogs (D:\EngageRelease\qa-dls-engage-v2-release\engageAutomation\core\runner\/visualTest.js:77:52)
                    at Context.&lt;anonymous> (D:\EngageRelease\qa-dls-engage-v2-release\engageAutomation\test\tempRunner\/landingTest.js:146:50)</stack-trace>
            </failure>
        </test-case>
        <test-case start='1721627260910' status='broken' stop='1721627264860'>
            <name>ENG_LAND_TC_2 Validate that the sign up page is launched on clicking the 'Sign Up &amp; Start Learning Today' button - (P1)</name>
            <title>ENG_LAND_TC_2 Validate that the sign up page is launched on clicking the 'Sign Up &amp; Start Learning Today' button - (P1)</title>
            <labels>
                <label name='language' value='javascript'/>
                <label name='framework' value='wdio'/>
                <label name='thread' value='0-0'/>
            </labels>
            <parameters>
                <parameter kind='argument' name='browser' value='chrome-126.0.6478.182'/>
            </parameters>
            <steps>
                <step start='1721627260910' status='passed' stop='1721627261508'>
                    <name>"before each" hook for Suite1 - Validation of Landing Page Features and Content (English)</name>
                    <title>"before each" hook for Suite1 - Validation of Landing Page Features and Content (English)</title>
                    <attachments>
                        <attachment title='Screenshot' source='3bf4b4e1-0c2a-4190-b5dd-6454b504aea1-attachment.png' type='image/png' size='638706'/>
                    </attachments>
                    <steps/>
                </step>
                <step start='1721627264860' status='passed' stop='1721627264860'>
                    <name>"after each" hook for Suite1 - Validation of Landing Page Features and Content (English)</name>
                    <title>"after each" hook for Suite1 - Validation of Landing Page Features and Content (English)</title>
                    <attachments/>
                    <steps/>
                </step>
            </steps>
            <attachments>
                <attachment title='Screenshot' source='f00ea465-90bf-47b6-84f4-93a0e57ec8dc-attachment.png' type='image/png' size='642005'/>
                <attachment title='Screenshot' source='212bba22-344c-4427-a061-75225115d6df-attachment.png' type='image/png' size='642005'/>
            </attachments>
            <failure>
                <message>hideSelectors is not defined</message>
                <stack-trace>ReferenceError: hideSelectors is not defined
                    at Object.generateScreenshotsAndLogs (D:\EngageRelease\qa-dls-engage-v2-release\engageAutomation\core\runner\/visualTest.js:77:52)
                    at Context.&lt;anonymous> (D:\EngageRelease\qa-dls-engage-v2-release\engageAutomation\test\tempRunner\/landingTest.js:146:50)</stack-trace>
            </failure>
        </test-case>
        <test-case start='1721627264860' status='broken' stop='1721627267360'>
            <name>ENG_LAND_TC_3 Validate that the sign in page is launched on clicking the 'Log in' button - (P1)</name>
            <title>ENG_LAND_TC_3 Validate that the sign in page is launched on clicking the 'Log in' button - (P1)</title>
            <labels>
                <label name='language' value='javascript'/>
                <label name='framework' value='wdio'/>
                <label name='thread' value='0-0'/>
            </labels>
            <parameters>
                <parameter kind='argument' name='browser' value='chrome-126.0.6478.182'/>
            </parameters>
            <steps>
                <step start='1721627264861' status='passed' stop='1721627265364'>
                    <name>"before each" hook for Suite1 - Validation of Landing Page Features and Content (English)</name>
                    <title>"before each" hook for Suite1 - Validation of Landing Page Features and Content (English)</title>
                    <attachments>
                        <attachment title='Screenshot' source='5945e40f-1664-4278-a556-6e73c066b6be-attachment.png' type='image/png' size='65005'/>
                    </attachments>
                    <steps/>
                </step>
                <step start='1721627267360' status='passed' stop='1721627267361'>
                    <name>"after each" hook for Suite1 - Validation of Landing Page Features and Content (English)</name>
                    <title>"after each" hook for Suite1 - Validation of Landing Page Features and Content (English)</title>
                    <attachments/>
                    <steps/>
                </step>
            </steps>
            <attachments>
                <attachment title='Screenshot' source='f999238a-5a03-41c9-bdfb-992f94528cae-attachment.png' type='image/png' size='642005'/>
                <attachment title='Screenshot' source='82233ed5-3a4e-4441-9ce2-1c7d46c21803-attachment.png' type='image/png' size='646522'/>
            </attachments>
            <failure>
                <message>hideSelectors is not defined</message>
                <stack-trace>ReferenceError: hideSelectors is not defined
                    at Object.generateScreenshotsAndLogs (D:\EngageRelease\qa-dls-engage-v2-release\engageAutomation\core\runner\/visualTest.js:77:52)
                    at runMicrotasks (&lt;anonymous>)
                    at Context.&lt;anonymous> (D:\EngageRelease\qa-dls-engage-v2-release\engageAutomation\test\tempRunner\/landingTest.js:146:50)</stack-trace>
            </failure>
        </test-case>
        <test-case start='1721627267361' status='failed' stop='1721627268948'>
            <name>ENG_LAND_TC_4 Validate that user is able to change the language of the page from the language drop down - (P1)</name>
            <title>ENG_LAND_TC_4 Validate that user is able to change the language of the page from the language drop down - (P1)</title>
            <labels>
                <label name='language' value='javascript'/>
                <label name='framework' value='wdio'/>
                <label name='thread' value='0-0'/>
            </labels>
            <parameters>
                <parameter kind='argument' name='browser' value='chrome-126.0.6478.182'/>
            </parameters>
            <steps>
                <step start='1721627267361' status='passed' stop='1721627267849'>
                    <name>"before each" hook for Suite1 - Validation of Landing Page Features and Content (English)</name>
                    <title>"before each" hook for Suite1 - Validation of Landing Page Features and Content (English)</title>
                    <attachments>
                        <attachment title='Screenshot' source='d15f1eed-9e86-40ed-9539-83af85386eda-attachment.png' type='image/png' size='49953'/>
                    </attachments>
                    <steps/>
                </step>
                <step start='1721627268949' status='passed' stop='1721627268950'>
                    <name>"after each" hook for Suite1 - Validation of Landing Page Features and Content (English)</name>
                    <title>"after each" hook for Suite1 - Validation of Landing Page Features and Content (English)</title>
                    <attachments/>
                    <steps/>
                </step>
            </steps>
            <attachments>
                <attachment title='Screenshot' source='25d500e0-4134-44c0-b2de-4c09110e2bdb-attachment.png' type='image/png' size='638706'/>
                <attachment title='Screenshot' source='1dc2d7de-468c-4b49-b7aa-1b2ffd6a98a8-attachment.png' type='image/png' size='638706'/>
            </attachments>
            <failure>
                <message>languageSelector_dropdown are not Clicked: expected 'Español -- language not found in the …' to equal true      
                      actual expected
                      
                      'Español -- language not found in the dropdown'true
                      </message>
                <stack-trace>AssertionError: languageSelector_dropdown are not Clicked: expected 'Español -- language not found in the …' to equal true
                    at Object.assertEqual (D:\EngageRelease\qa-dls-engage-v2-release\engageAutomation\core\actionLibrary\/baseAssertionLibrary.js:30:16)
                    at runMicrotasks (&lt;anonymous>)
                    at Object.ENG_LAND_TC_4 (D:\EngageRelease\qa-dls-engage-v2-release\engageAutomation\test\engageExperienceApp\/landing.test.js:29:9)
                    at specRunner.identifyTest (D:\EngageRelease\qa-dls-engage-v2-release\engageAutomation\test\tempRunner\/landingTest.js:222:13)
                    at Context.&lt;anonymous> (D:\EngageRelease\qa-dls-engage-v2-release\engageAutomation\test\tempRunner\/landingTest.js:144:33)</stack-trace>
            </failure>
        </test-case>
    </test-cases>
</ns2:test-suite>