<?xml version='1.0'?>
<ns2:test-suite xmlns:ns2='urn:model.allure.qatools.yandex.ru' start='1721627314540' stop='1721627344488'>
    <name>Suite1 - Validation of Landing Page Features and Content (English)</name>
    <title>Suite1 - Validation of Landing Page Features and Content (English)</title>
    <test-cases>
        <test-case start='1721627314684' status='passed' stop='1721627322213'>
            <name>ENG_LAND_TC_1 Validate that the landing page appears on launching the URL - (P1)</name>
            <title>ENG_LAND_TC_1 Validate that the landing page appears on launching the URL - (P1)</title>
            <labels>
                <label name='language' value='javascript'/>
                <label name='framework' value='wdio'/>
                <label name='thread' value='0-0'/>
            </labels>
            <parameters>
                <parameter kind='argument' name='browser' value='chrome-126.0.6478.182'/>
            </parameters>
            <steps>
                <step start='1721627314688' status='passed' stop='1721627315448'>
                    <name>"before each" hook for Suite1 - Validation of Landing Page Features and Content (English)</name>
                    <title>"before each" hook for Suite1 - Validation of Landing Page Features and Content (English)</title>
                    <attachments/>
                    <steps/>
                </step>
                <step start='1721627322215' status='passed' stop='1721627322216'>
                    <name>"after each" hook for Suite1 - Validation of Landing Page Features and Content (English)</name>
                    <title>"after each" hook for Suite1 - Validation of Landing Page Features and Content (English)</title>
                    <attachments/>
                    <steps/>
                </step>
            </steps>
            <attachments>
                <attachment title='Screenshot' source='b80f4690-ea4b-4a45-bd4c-8455fd0940f5-attachment.png' type='image/png' size='641779'/>
                <attachment title='Screenshot' source='8daf8a02-ffc0-42a3-b474-03ffee54676a-attachment.png' type='image/png' size='353211'/>
                <attachment title='Screenshot' source='e99e3fc9-705d-4138-9f0d-5ae48e150013-attachment.png' type='image/png' size='128112'/>
                <attachment title='Screenshot' source='1e71dda3-9c10-41c0-8ded-ad6b01d54d06-attachment.png' type='image/png' size='198594'/>
                <attachment title='Screenshot' source='0bf26b1a-4e4a-42e7-a05b-bbd022f9b74f-attachment.png' type='image/png' size='21648'/>
            </attachments>
        </test-case>
        <test-case start='1721627322216' status='passed' stop='1721627330692'>
            <name>ENG_LAND_TC_5 Validate the content of the landing page (in English) - (P2)</name>
            <title>ENG_LAND_TC_5 Validate the content of the landing page (in English) - (P2)</title>
            <labels>
                <label name='language' value='javascript'/>
                <label name='framework' value='wdio'/>
                <label name='thread' value='0-0'/>
            </labels>
            <parameters>
                <parameter kind='argument' name='browser' value='chrome-126.0.6478.182'/>
            </parameters>
            <steps>
                <step start='1721627322217' status='passed' stop='1721627322961'>
                    <name>"before each" hook for Suite1 - Validation of Landing Page Features and Content (English)</name>
                    <title>"before each" hook for Suite1 - Validation of Landing Page Features and Content (English)</title>
                    <attachments>
                        <attachment title='Screenshot' source='76751020-a83c-4884-8178-30865251b061-attachment.png' type='image/png' size='638706'/>
                    </attachments>
                    <steps/>
                </step>
                <step start='1721627330693' status='passed' stop='1721627330694'>
                    <name>"after each" hook for Suite1 - Validation of Landing Page Features and Content (English)</name>
                    <title>"after each" hook for Suite1 - Validation of Landing Page Features and Content (English)</title>
                    <attachments/>
                    <steps/>
                </step>
            </steps>
            <attachments>
                <attachment title='Screenshot' source='64f8efd7-7ebd-488c-9f85-79dd7dcd8fa5-attachment.png' type='image/png' size='641779'/>
                <attachment title='Screenshot' source='27f51c62-3294-4ae8-b053-e46b13f5ded7-attachment.png' type='image/png' size='353211'/>
                <attachment title='Screenshot' source='f232d60a-68cf-426c-a926-671d9002f52a-attachment.png' type='image/png' size='128112'/>
                <attachment title='Screenshot' source='004eb1ca-5f01-479a-807d-1d656690ac30-attachment.png' type='image/png' size='198594'/>
                <attachment title='Screenshot' source='33384dad-5f02-41d8-8047-ef879835495f-attachment.png' type='image/png' size='21648'/>
            </attachments>
        </test-case>
        <test-case start='1721627330694' status='passed' stop='1721627338247'>
            <name>ENG_LAND_TC_2 Validate that the sign up page is launched on clicking the 'Sign Up &amp; Start Learning Today' button - (P1)</name>
            <title>ENG_LAND_TC_2 Validate that the sign up page is launched on clicking the 'Sign Up &amp; Start Learning Today' button - (P1)</title>
            <labels>
                <label name='language' value='javascript'/>
                <label name='framework' value='wdio'/>
                <label name='thread' value='0-0'/>
            </labels>
            <parameters>
                <parameter kind='argument' name='browser' value='chrome-126.0.6478.182'/>
            </parameters>
            <steps>
                <step start='1721627330695' status='passed' stop='1721627331427'>
                    <name>"before each" hook for Suite1 - Validation of Landing Page Features and Content (English)</name>
                    <title>"before each" hook for Suite1 - Validation of Landing Page Features and Content (English)</title>
                    <attachments>
                        <attachment title='Screenshot' source='04b63de0-b6eb-459d-8f27-ec8db62cb39a-attachment.png' type='image/png' size='638706'/>
                    </attachments>
                    <steps/>
                </step>
                <step start='1721627338251' status='passed' stop='1721627338251'>
                    <name>"after each" hook for Suite1 - Validation of Landing Page Features and Content (English)</name>
                    <title>"after each" hook for Suite1 - Validation of Landing Page Features and Content (English)</title>
                    <attachments/>
                    <steps/>
                </step>
            </steps>
            <attachments>
                <attachment title='Screenshot' source='33c24f1f-c721-4a41-8d6c-1dafe91c4144-attachment.png' type='image/png' size='642005'/>
                <attachment title='Screenshot' source='718327c1-fdaa-4de0-b294-ff4b641f67a0-attachment.png' type='image/png' size='638706'/>
                <attachment title='Screenshot' source='c47dde6b-e9ae-46ca-8608-5160cb27da30-attachment.png' type='image/png' size='64607'/>
                <attachment title='Screenshot' source='5099df57-df78-498c-af3a-9b0cbfcb4648-attachment.png' type='image/png' size='22468'/>
            </attachments>
        </test-case>
        <test-case start='1721627338252' status='passed' stop='1721627342921'>
            <name>ENG_LAND_TC_3 Validate that the sign in page is launched on clicking the 'Log in' button - (P1)</name>
            <title>ENG_LAND_TC_3 Validate that the sign in page is launched on clicking the 'Log in' button - (P1)</title>
            <labels>
                <label name='language' value='javascript'/>
                <label name='framework' value='wdio'/>
                <label name='thread' value='0-0'/>
            </labels>
            <parameters>
                <parameter kind='argument' name='browser' value='chrome-126.0.6478.182'/>
            </parameters>
            <steps>
                <step start='1721627338257' status='passed' stop='1721627338754'>
                    <name>"before each" hook for Suite1 - Validation of Landing Page Features and Content (English)</name>
                    <title>"before each" hook for Suite1 - Validation of Landing Page Features and Content (English)</title>
                    <attachments>
                        <attachment title='Screenshot' source='3317ad0e-1e03-481a-bc3f-1149813919ec-attachment.png' type='image/png' size='65005'/>
                    </attachments>
                    <steps/>
                </step>
                <step start='1721627342924' status='passed' stop='1721627342925'>
                    <name>"after each" hook for Suite1 - Validation of Landing Page Features and Content (English)</name>
                    <title>"after each" hook for Suite1 - Validation of Landing Page Features and Content (English)</title>
                    <attachments/>
                    <steps/>
                </step>
            </steps>
            <attachments>
                <attachment title='Screenshot' source='e9cd9f31-f356-4195-8d84-519dc49f3c8d-attachment.png' type='image/png' size='642005'/>
                <attachment title='Screenshot' source='9066550c-7a5e-4ff9-91c8-ea203995234a-attachment.png' type='image/png' size='642005'/>
                <attachment title='Screenshot' source='667a4de3-bc96-4ded-9799-7c204d248444-attachment.png' type='image/png' size='49777'/>
                <attachment title='Screenshot' source='451c8980-055f-493a-803d-845a5a439858-attachment.png' type='image/png' size='21778'/>
            </attachments>
        </test-case>
        <test-case start='1721627342926' status='failed' stop='1721627344487'>
            <name>ENG_LAND_TC_4 Validate that user is able to change the language of the page from the language drop down - (P1)</name>
            <title>ENG_LAND_TC_4 Validate that user is able to change the language of the page from the language drop down - (P1)</title>
            <labels>
                <label name='language' value='javascript'/>
                <label name='framework' value='wdio'/>
                <label name='thread' value='0-0'/>
            </labels>
            <parameters>
                <parameter kind='argument' name='browser' value='chrome-126.0.6478.182'/>
            </parameters>
            <steps>
                <step start='1721627342930' status='passed' stop='1721627343459'>
                    <name>"before each" hook for Suite1 - Validation of Landing Page Features and Content (English)</name>
                    <title>"before each" hook for Suite1 - Validation of Landing Page Features and Content (English)</title>
                    <attachments>
                        <attachment title='Screenshot' source='a93f24ec-1ec1-40cd-856a-720d1400b004-attachment.png' type='image/png' size='49953'/>
                    </attachments>
                    <steps/>
                </step>
                <step start='1721627344487' status='passed' stop='1721627344487'>
                    <name>"after each" hook for Suite1 - Validation of Landing Page Features and Content (English)</name>
                    <title>"after each" hook for Suite1 - Validation of Landing Page Features and Content (English)</title>
                    <attachments/>
                    <steps/>
                </step>
            </steps>
            <attachments>
                <attachment title='Screenshot' source='3dfbe882-0bfb-4187-a9df-5fc1c50a3ea5-attachment.png' type='image/png' size='638706'/>
                <attachment title='Screenshot' source='72526055-c505-42fb-8692-81cdc04efa9c-attachment.png' type='image/png' size='638706'/>
            </attachments>
            <failure>
                <message>languageSelector_dropdown are not Clicked: expected 'Español -- language not found in the …' to equal true      
                      actual expected
                      
                      'Español -- language not found in the dropdown'true
                      </message>
                <stack-trace>AssertionError: languageSelector_dropdown are not Clicked: expected 'Español -- language not found in the …' to equal true
                    at Object.assertEqual (D:\EngageRelease\qa-dls-engage-v2-release\engageAutomation\core\actionLibrary\/baseAssertionLibrary.js:30:16)
                    at Object.ENG_LAND_TC_4 (D:\EngageRelease\qa-dls-engage-v2-release\engageAutomation\test\engageExperienceApp\/landing.test.js:29:9)
                    at specRunner.identifyTest (D:\EngageRelease\qa-dls-engage-v2-release\engageAutomation\test\tempRunner\/landingTest.js:222:13)
                    at Context.&lt;anonymous> (D:\EngageRelease\qa-dls-engage-v2-release\engageAutomation\test\tempRunner\/landingTest.js:144:33)</stack-trace>
            </failure>
        </test-case>
    </test-cases>
</ns2:test-suite>